<?xml version="1.0" encoding="UTF-8"?>
<testng-results ignored="8" total="15" passed="6" failed="1" skipped="0">
  <reporter-output>
  </reporter-output>
  <suite started-at="2024-03-29T15:03:03 CDT" name="Suite" finished-at="2024-03-29T15:06:17 CDT" duration-ms="193815">
    <groups>
      <group name="Sanity">
        <method signature="LoginPageTest.testLogin()[pri:0, instance:com.opencart.Testcases.LoginPageTest@dd8ba08]" name="testLogin" class="com.opencart.Testcases.LoginPageTest"/>
        <method signature="ProductPageTest.testaddToCart()[pri:0, instance:com.opencart.Testcases.ProductPageTest@515aebb0]" name="testaddToCart" class="com.opencart.Testcases.ProductPageTest"/>
      </group> <!-- Sanity -->
      <group name="Regression">
        <method signature="CheckoutPageTest.testCheckout()[pri:0, instance:com.opencart.Testcases.CheckoutPageTest@6c64cb25]" name="testCheckout" class="com.opencart.Testcases.CheckoutPageTest"/>
        <method signature="ProductPageTest.testaddToCart()[pri:0, instance:com.opencart.Testcases.ProductPageTest@515aebb0]" name="testaddToCart" class="com.opencart.Testcases.ProductPageTest"/>
      </group> <!-- Regression -->
      <group name="Smoke">
        <method signature="HomePageTest.testSearchCamera()[pri:2, instance:com.opencart.Testcases.HomePageTest@5876a9af]" name="testSearchCamera" class="com.opencart.Testcases.HomePageTest"/>
        <method signature="HomePageTest.testvalidatOrderHistory()[pri:1, instance:com.opencart.Testcases.HomePageTest@5876a9af]" name="testvalidatOrderHistory" class="com.opencart.Testcases.HomePageTest"/>
        <method signature="IndexPageTest.testTitle()[pri:0, instance:com.opencart.Testcases.IndexPageTest@245b4bdc]" name="testTitle" class="com.opencart.Testcases.IndexPageTest"/>
        <method signature="IndexPageTest.testValidateLogo()[pri:0, instance:com.opencart.Testcases.IndexPageTest@245b4bdc]" name="testValidateLogo" class="com.opencart.Testcases.IndexPageTest"/>
        <method signature="LoginPageTest.testLogin()[pri:0, instance:com.opencart.Testcases.LoginPageTest@dd8ba08]" name="testLogin" class="com.opencart.Testcases.LoginPageTest"/>
      </group> <!-- Smoke -->
    </groups>
    <test started-at="2024-03-29T15:03:03 CDT" name="Test" finished-at="2024-03-29T15:06:17 CDT" duration-ms="193815">
      <class name="com.opencart.Testcases.CheckoutPageTest">
        <test-method is-config="true" signature="setup(java.lang.String)[pri:0, instance:com.opencart.Testcases.CheckoutPageTest@6c64cb25]" started-at="2024-03-29T15:05:33 CDT" name="setup" finished-at="2024-03-29T15:05:43 CDT" duration-ms="9557" status="PASS">
          <params>
            <param index="0">
              <value>
                <![CDATA[Chrome]]>
              </value>
            </param>
          </params>
          <reporter-output>
          </reporter-output>
        </test-method> <!-- setup -->
        <test-method signature="testCheckout()[pri:0, instance:com.opencart.Testcases.CheckoutPageTest@6c64cb25]" started-at="2024-03-29T15:05:43 CDT" name="testCheckout" finished-at="2024-03-29T15:06:16 CDT" duration-ms="33482" status="PASS">
          <reporter-output>
          </reporter-output>
        </test-method> <!-- testCheckout -->
        <test-method is-config="true" signature="tearDown()[pri:0, instance:com.opencart.Testcases.CheckoutPageTest@6c64cb25]" started-at="2024-03-29T15:06:16 CDT" name="tearDown" finished-at="2024-03-29T15:06:17 CDT" duration-ms="988" status="PASS">
          <reporter-output>
          </reporter-output>
        </test-method> <!-- tearDown -->
      </class> <!-- com.opencart.Testcases.CheckoutPageTest -->
      <class name="com.opencart.Testcases.IndexPageTest">
        <test-method is-config="true" signature="setup(java.lang.String)[pri:0, instance:com.opencart.Testcases.IndexPageTest@245b4bdc]" started-at="2024-03-29T15:05:05 CDT" name="setup" finished-at="2024-03-29T15:05:15 CDT" duration-ms="9550" status="PASS">
          <params>
            <param index="0">
              <value>
                <![CDATA[Chrome]]>
              </value>
            </param>
          </params>
          <reporter-output>
          </reporter-output>
        </test-method> <!-- setup -->
        <test-method signature="testTitle()[pri:0, instance:com.opencart.Testcases.IndexPageTest@245b4bdc]" started-at="2024-03-29T15:05:15 CDT" name="testTitle" finished-at="2024-03-29T15:05:15 CDT" duration-ms="85" status="FAIL">
          <exception class="java.lang.AssertionError">
            <message>
              <![CDATA[expected [Your Store/] but found [Your Store]]]>
            </message>
            <full-stacktrace>
              <![CDATA[java.lang.AssertionError: expected [Your Store/] but found [Your Store]
at org.testng.Assert.fail(Assert.java:99)
at org.testng.Assert.failNotEquals(Assert.java:1037)
at org.testng.Assert.assertEqualsImpl(Assert.java:140)
at org.testng.Assert.assertEquals(Assert.java:122)
at org.testng.Assert.assertEquals(Assert.java:629)
at org.testng.Assert.assertEquals(Assert.java:639)
at com.opencart.Testcases.IndexPageTest.testTitle(IndexPageTest.java:45)
at java.base/jdk.internal.reflect.NativeMethodAccessorImpl.invoke0(Native Method)
at java.base/jdk.internal.reflect.NativeMethodAccessorImpl.invoke(NativeMethodAccessorImpl.java:77)
at java.base/jdk.internal.reflect.DelegatingMethodAccessorImpl.invoke(DelegatingMethodAccessorImpl.java:43)
at java.base/java.lang.reflect.Method.invoke(Method.java:568)
at org.testng.internal.MethodInvocationHelper.invokeMethod(MethodInvocationHelper.java:133)
at org.testng.internal.TestInvoker.invokeMethod(TestInvoker.java:598)
at org.testng.internal.TestInvoker.invokeTestMethod(TestInvoker.java:173)
at org.testng.internal.MethodRunner.runInSequence(MethodRunner.java:46)
at org.testng.internal.TestInvoker$MethodInvocationAgent.invoke(TestInvoker.java:824)
at org.testng.internal.TestInvoker.invokeTestMethods(TestInvoker.java:146)
at org.testng.internal.TestMethodWorker.invokeTestMethods(TestMethodWorker.java:146)
at org.testng.internal.TestMethodWorker.run(TestMethodWorker.java:128)
at java.base/java.util.ArrayList.forEach(ArrayList.java:1511)
at org.testng.TestRunner.privateRun(TestRunner.java:794)
at org.testng.TestRunner.run(TestRunner.java:596)
at org.testng.SuiteRunner.runTest(SuiteRunner.java:377)
at org.testng.SuiteRunner.runSequentially(SuiteRunner.java:371)
at org.testng.SuiteRunner.privateRun(SuiteRunner.java:332)
at org.testng.SuiteRunner.run(SuiteRunner.java:276)
at org.testng.SuiteRunnerWorker.runSuite(SuiteRunnerWorker.java:53)
at org.testng.SuiteRunnerWorker.run(SuiteRunnerWorker.java:96)
at org.testng.TestNG.runSuitesSequentially(TestNG.java:1212)
at org.testng.TestNG.runSuitesLocally(TestNG.java:1134)
at org.testng.TestNG.runSuites(TestNG.java:1063)
at org.testng.TestNG.run(TestNG.java:1031)
at org.testng.remote.AbstractRemoteTestNG.run(AbstractRemoteTestNG.java:115)
at org.testng.remote.RemoteTestNG.initAndRun(RemoteTestNG.java:251)
at org.testng.remote.RemoteTestNG.main(RemoteTestNG.java:77)
]]>
            </full-stacktrace>
          </exception> <!-- java.lang.AssertionError -->
          <reporter-output>
          </reporter-output>
        </test-method> <!-- testTitle -->
        <test-method is-config="true" signature="tearDown()[pri:0, instance:com.opencart.Testcases.IndexPageTest@245b4bdc]" started-at="2024-03-29T15:05:21 CDT" name="tearDown" finished-at="2024-03-29T15:05:22 CDT" duration-ms="857" status="PASS">
          <reporter-output>
          </reporter-output>
        </test-method> <!-- tearDown -->
        <test-method is-config="true" signature="setup(java.lang.String)[pri:0, instance:com.opencart.Testcases.IndexPageTest@245b4bdc]" started-at="2024-03-29T15:05:22 CDT" name="setup" finished-at="2024-03-29T15:05:32 CDT" duration-ms="9603" status="PASS">
          <params>
            <param index="0">
              <value>
                <![CDATA[Chrome]]>
              </value>
            </param>
          </params>
          <reporter-output>
          </reporter-output>
        </test-method> <!-- setup -->
        <test-method signature="testValidateLogo()[pri:0, instance:com.opencart.Testcases.IndexPageTest@245b4bdc]" started-at="2024-03-29T15:05:32 CDT" name="testValidateLogo" finished-at="2024-03-29T15:05:32 CDT" duration-ms="592" status="PASS">
          <reporter-output>
          </reporter-output>
        </test-method> <!-- testValidateLogo -->
        <test-method is-config="true" signature="tearDown()[pri:0, instance:com.opencart.Testcases.IndexPageTest@245b4bdc]" started-at="2024-03-29T15:05:32 CDT" name="tearDown" finished-at="2024-03-29T15:05:33 CDT" duration-ms="791" status="PASS">
          <reporter-output>
          </reporter-output>
        </test-method> <!-- tearDown -->
      </class> <!-- com.opencart.Testcases.IndexPageTest -->
      <class name="com.opencart.Testcases.ProductPageTest">
        <test-method is-config="true" signature="setup(java.lang.String)[pri:0, instance:com.opencart.Testcases.ProductPageTest@515aebb0]" started-at="2024-03-29T15:04:01 CDT" name="setup" finished-at="2024-03-29T15:04:10 CDT" duration-ms="9618" status="PASS">
          <params>
            <param index="0">
              <value>
                <![CDATA[Chrome]]>
              </value>
            </param>
          </params>
          <reporter-output>
          </reporter-output>
        </test-method> <!-- setup -->
        <test-method signature="testaddToCart()[pri:0, instance:com.opencart.Testcases.ProductPageTest@515aebb0]" started-at="2024-03-29T15:04:10 CDT" name="testaddToCart" finished-at="2024-03-29T15:04:39 CDT" duration-ms="28344" status="PASS">
          <reporter-output>
          </reporter-output>
        </test-method> <!-- testaddToCart -->
        <test-method is-config="true" signature="tearDown()[pri:0, instance:com.opencart.Testcases.ProductPageTest@515aebb0]" started-at="2024-03-29T15:04:39 CDT" name="tearDown" finished-at="2024-03-29T15:04:40 CDT" duration-ms="950" status="PASS">
          <reporter-output>
          </reporter-output>
        </test-method> <!-- tearDown -->
      </class> <!-- com.opencart.Testcases.ProductPageTest -->
      <class name="com.opencart.Testcases.LoginPageTest">
        <test-method is-config="true" signature="setup(java.lang.String)[pri:0, instance:com.opencart.Testcases.LoginPageTest@dd8ba08]" started-at="2024-03-29T15:04:40 CDT" name="setup" finished-at="2024-03-29T15:04:49 CDT" duration-ms="9647" status="PASS">
          <params>
            <param index="0">
              <value>
                <![CDATA[Chrome]]>
              </value>
            </param>
          </params>
          <reporter-output>
          </reporter-output>
        </test-method> <!-- setup -->
        <test-method signature="testLogin()[pri:0, instance:com.opencart.Testcases.LoginPageTest@dd8ba08]" started-at="2024-03-29T15:04:49 CDT" name="testLogin" finished-at="2024-03-29T15:05:04 CDT" duration-ms="15125" status="PASS">
          <reporter-output>
          </reporter-output>
        </test-method> <!-- testLogin -->
        <test-method is-config="true" signature="tearDown()[pri:0, instance:com.opencart.Testcases.LoginPageTest@dd8ba08]" started-at="2024-03-29T15:05:04 CDT" name="tearDown" finished-at="2024-03-29T15:05:05 CDT" duration-ms="981" status="PASS">
          <reporter-output>
          </reporter-output>
        </test-method> <!-- tearDown -->
      </class> <!-- com.opencart.Testcases.LoginPageTest -->
      <class name="com.opencart.Testcases.HomePageTest">
        <test-method is-config="true" signature="loadConfig()[pri:0, instance:com.opencart.Testcases.HomePageTest@5876a9af]" started-at="2024-03-29T15:03:00 CDT" name="loadConfig" finished-at="2024-03-29T15:03:03 CDT" duration-ms="3652" status="PASS">
          <reporter-output>
          </reporter-output>
        </test-method> <!-- loadConfig -->
        <test-method is-config="true" signature="setup(java.lang.String)[pri:0, instance:com.opencart.Testcases.HomePageTest@5876a9af]" started-at="2024-03-29T15:03:04 CDT" name="setup" finished-at="2024-03-29T15:03:22 CDT" duration-ms="18449" status="PASS">
          <params>
            <param index="0">
              <value>
                <![CDATA[Chrome]]>
              </value>
            </param>
          </params>
          <reporter-output>
          </reporter-output>
        </test-method> <!-- setup -->
        <test-method signature="testvalidatOrderHistory()[pri:1, instance:com.opencart.Testcases.HomePageTest@5876a9af]" started-at="2024-03-29T15:03:22 CDT" name="testvalidatOrderHistory" finished-at="2024-03-29T15:03:37 CDT" duration-ms="15237" status="PASS">
          <reporter-output>
          </reporter-output>
        </test-method> <!-- testvalidatOrderHistory -->
        <test-method is-config="true" signature="tearDown()[pri:0, instance:com.opencart.Testcases.HomePageTest@5876a9af]" started-at="2024-03-29T15:03:37 CDT" name="tearDown" finished-at="2024-03-29T15:03:39 CDT" duration-ms="1478" status="PASS">
          <reporter-output>
          </reporter-output>
        </test-method> <!-- tearDown -->
        <test-method is-config="true" signature="setup(java.lang.String)[pri:0, instance:com.opencart.Testcases.HomePageTest@5876a9af]" started-at="2024-03-29T15:03:39 CDT" name="setup" finished-at="2024-03-29T15:03:48 CDT" duration-ms="9484" status="PASS">
          <params>
            <param index="0">
              <value>
                <![CDATA[Chrome]]>
              </value>
            </param>
          </params>
          <reporter-output>
          </reporter-output>
        </test-method> <!-- setup -->
        <test-method signature="testSearchCamera()[pri:2, instance:com.opencart.Testcases.HomePageTest@5876a9af]" started-at="2024-03-29T15:03:48 CDT" name="testSearchCamera" finished-at="2024-03-29T15:04:00 CDT" duration-ms="11354" status="PASS">
          <reporter-output>
          </reporter-output>
        </test-method> <!-- testSearchCamera -->
        <test-method is-config="true" signature="tearDown()[pri:0, instance:com.opencart.Testcases.HomePageTest@5876a9af]" started-at="2024-03-29T15:04:00 CDT" name="tearDown" finished-at="2024-03-29T15:04:01 CDT" duration-ms="954" status="PASS">
          <reporter-output>
          </reporter-output>
        </test-method> <!-- tearDown -->
        <test-method is-config="true" signature="afterSuite()[pri:0, instance:com.opencart.Testcases.HomePageTest@5876a9af]" started-at="2024-03-29T15:06:17 CDT" name="afterSuite" finished-at="2024-03-29T15:06:21 CDT" duration-ms="3139" status="PASS">
          <reporter-output>
          </reporter-output>
        </test-method> <!-- afterSuite -->
      </class> <!-- com.opencart.Testcases.HomePageTest -->
    </test> <!-- Test -->
  </suite> <!-- Suite -->
</testng-results>
